Unknown:
C:\Users\bry\Documents\GitHub\rf_automation_toolbox\Antenna_Analysis\example\dipole\Result\farfield (f=1000)2D_1.ffp
C:\Users\bry\Documents\GitHub\rf_automation_toolbox\Antenna_Analysis\example\dipole\Result\farfield (f=1000)_1.fme
C:\Users\bry\Documents\GitHub\rf_automation_toolbox\Antenna_Analysis\example\dipole\Result\farfield (f=1500)2D_1.ffp
C:\Users\bry\Documents\GitHub\rf_automation_toolbox\Antenna_Analysis\example\dipole\Result\farfield (f=1500)_1.fme
C:\Users\bry\Documents\GitHub\rf_automation_toolbox\Antenna_Analysis\example\dipole\Result\farfield (f=500)2D_1.ffp
C:\Users\bry\Documents\GitHub\rf_automation_toolbox\Antenna_Analysis\example\dipole\Result\farfield (f=500)_1.fme
C:\Users\bry\Documents\GitHub\rf_automation_toolbox\Antenna_Analysis\example\dipole\Result\MCalc-Facets-1xN.log
C:\Users\bry\Documents\GitHub\rf_automation_toolbox\Antenna_Analysis\example\dipole\Result\MCalc-Facets-PP.log
C:\Users\bry\Documents\GitHub\rf_automation_toolbox\Antenna_Analysis\example\dipole\Result\MCalc.ddi
C:\Users\bry\Documents\GitHub\rf_automation_toolbox\Antenna_Analysis\example\dipole\Result\MCalc.log
C:\Users\bry\Documents\GitHub\rf_automation_toolbox\Antenna_Analysis\example\dipole\Result\Model.axg
C:\Users\bry\Documents\GitHub\rf_automation_toolbox\Antenna_Analysis\example\dipole\Result\Model.ddi
C:\Users\bry\Documents\GitHub\rf_automation_toolbox\Antenna_Analysis\example\dipole\Result\Model.inf
C:\Users\bry\Documents\GitHub\rf_automation_toolbox\Antenna_Analysis\example\dipole\Result\Model.log
C:\Users\bry\Documents\GitHub\rf_automation_toolbox\Antenna_Analysis\example\dipole\Result\Model.sa
C:\Users\bry\Documents\GitHub\rf_automation_toolbox\Antenna_Analysis\example\dipole\Result\Model.swp
C:\Users\bry\Documents\GitHub\rf_automation_toolbox\Antenna_Analysis\example\dipole\Result\m^fbqq.dsc
C:\Users\bry\Documents\GitHub\rf_automation_toolbox\Antenna_Analysis\example\dipole\Result\m^fifx.dsc
C:\Users\bry\Documents\GitHub\rf_automation_toolbox\Antenna_Analysis\example\dipole\Result\m^fqq.dsc
C:\Users\bry\Documents\GitHub\rf_automation_toolbox\Antenna_Analysis\example\dipole\Result\Ports.web
C:\Users\bry\Documents\GitHub\rf_automation_toolbox\Antenna_Analysis\example\dipole\Result\Postprocessing.log
C:\Users\bry\Documents\GitHub\rf_automation_toolbox\Antenna_Analysis\example\dipole\Result\p^a.dsc
C:\Users\bry\Documents\GitHub\rf_automation_toolbox\Antenna_Analysis\example\dipole\Result\P^m^fbqq.slog
C:\Users\bry\Documents\GitHub\rf_automation_toolbox\Antenna_Analysis\example\dipole\Result\P^m^fqq.slog
C:\Users\bry\Documents\GitHub\rf_automation_toolbox\Antenna_Analysis\example\dipole\Result\P^p^m.slog
C:\Users\bry\Documents\GitHub\rf_automation_toolbox\Antenna_Analysis\example\dipole\Result\P^s^pm.slog
C:\Users\bry\Documents\GitHub\rf_automation_toolbox\Antenna_Analysis\example\dipole\Result\WEP.log
Mesh:
C:\Users\bry\Documents\GitHub\rf_automation_toolbox\Antenna_Analysis\example\dipole\Result\dA.mat
C:\Users\bry\Documents\GitHub\rf_automation_toolbox\Antenna_Analysis\example\dipole\Result\dad.mat
C:\Users\bry\Documents\GitHub\rf_automation_toolbox\Antenna_Analysis\example\dipole\Result\ds.mat
C:\Users\bry\Documents\GitHub\rf_automation_toolbox\Antenna_Analysis\example\dipole\Result\dsd.mat
C:\Users\bry\Documents\GitHub\rf_automation_toolbox\Antenna_Analysis\example\dipole\Result\dsMCalc.mat
C:\Users\bry\Documents\GitHub\rf_automation_toolbox\Antenna_Analysis\example\dipole\Result\Eps.mat
C:\Users\bry\Documents\GitHub\rf_automation_toolbox\Antenna_Analysis\example\dipole\Result\HexMatrix.m2h
C:\Users\bry\Documents\GitHub\rf_automation_toolbox\Antenna_Analysis\example\dipole\Result\HexMatrix_MCalc.m2h
C:\Users\bry\Documents\GitHub\rf_automation_toolbox\Antenna_Analysis\example\dipole\Result\MCalc.fmp
C:\Users\bry\Documents\GitHub\rf_automation_toolbox\Antenna_Analysis\example\dipole\Result\MCalc.xcfd
C:\Users\bry\Documents\GitHub\rf_automation_toolbox\Antenna_Analysis\example\dipole\Result\Model.fmf
C:\Users\bry\Documents\GitHub\rf_automation_toolbox\Antenna_Analysis\example\dipole\Result\Model.fmm
C:\Users\bry\Documents\GitHub\rf_automation_toolbox\Antenna_Analysis\example\dipole\Result\Model.fpc
C:\Users\bry\Documents\GitHub\rf_automation_toolbox\Antenna_Analysis\example\dipole\Result\Model.fsi
C:\Users\bry\Documents\GitHub\rf_automation_toolbox\Antenna_Analysis\example\dipole\Result\Model.fwf
C:\Users\bry\Documents\GitHub\rf_automation_toolbox\Antenna_Analysis\example\dipole\Result\Model.mss
C:\Users\bry\Documents\GitHub\rf_automation_toolbox\Antenna_Analysis\example\dipole\Result\Model.spi
C:\Users\bry\Documents\GitHub\rf_automation_toolbox\Antenna_Analysis\example\dipole\Result\Model.xcfd
C:\Users\bry\Documents\GitHub\rf_automation_toolbox\Antenna_Analysis\example\dipole\Result\Model^PEC.fpf
C:\Users\bry\Documents\GitHub\rf_automation_toolbox\Antenna_Analysis\example\dipole\Result\Mue.mat
C:\Users\bry\Documents\GitHub\rf_automation_toolbox\Antenna_Analysis\example\dipole\Result\m^fbqq.mem
C:\Users\bry\Documents\GitHub\rf_automation_toolbox\Antenna_Analysis\example\dipole\Result\m^fifx.mem
C:\Users\bry\Documents\GitHub\rf_automation_toolbox\Antenna_Analysis\example\dipole\Result\m^fqq.mem
C:\Users\bry\Documents\GitHub\rf_automation_toolbox\Antenna_Analysis\example\dipole\Result\PEC.mat
C:\Users\bry\Documents\GitHub\rf_automation_toolbox\Antenna_Analysis\example\dipole\Result\Ports.fpt
C:\Users\bry\Documents\GitHub\rf_automation_toolbox\Antenna_Analysis\example\dipole\Result\PP.fsi
C:\Users\bry\Documents\GitHub\rf_automation_toolbox\Antenna_Analysis\example\dipole\Result\p^a.mem
C:\Users\bry\Documents\GitHub\rf_automation_toolbox\Antenna_Analysis\example\dipole\Result\p^m.mem
C:\Users\bry\Documents\GitHub\rf_automation_toolbox\Antenna_Analysis\example\dipole\Result\S2HMatrix.m2h
C:\Users\bry\Documents\GitHub\rf_automation_toolbox\Antenna_Analysis\example\dipole\Result\s^pm.mem
Port:
C:\Users\bry\Documents\GitHub\rf_automation_toolbox\Antenna_Analysis\example\dipole\Result\Model.pmi
